CRITICAL - 2022-05-05 17:01:02 --> Undefined variable $currentUrl
#0 D:\WebSite\WebDocumentos\app\Views\theme.php(75): CodeIgniter\Debug\Exceptions->errorHandler(2, 'Undefined varia...', 'D:\\WebSite\\WebD...', 75)
#1 D:\WebSite\WebDocumentos\system\View\View.php(210): include('D:\\WebSite\\WebD...')
#2 D:\WebSite\WebDocumentos\system\View\View.php(213): CodeIgniter\View\View->CodeIgniter\View\{closure}()
#3 D:\WebSite\WebDocumentos\system\Common.php(1089): CodeIgniter\View\View->render('theme', Array, true)
#4 D:\WebSite\WebDocumentos\app\Controllers\Home.php(13): view('theme', Array)
#5 D:\WebSite\WebDocumentos\system\CodeIgniter.php(832): App\Controllers\Home->index()
#6 D:\WebSite\WebDocumentos\system\CodeIgniter.php(419): CodeIgniter\CodeIgniter->runController(Object(App\Controllers\Home))
#7 D:\WebSite\WebDocumentos\system\CodeIgniter.php(326): CodeIgniter\CodeIgniter->handleRequest(NULL, Object(Config\Cache), false)
#8 D:\WebSite\WebDocumentos\public\index.php(37): CodeIgniter\CodeIgniter->run()
#9 D:\WebSite\WebDocumentos\system\Commands\Server\rewrite.php(43): require_once('D:\\WebSite\\WebD...')
#10 {main}
ERROR - 2022-05-05 17:28:34 --> Duplicate column name 'user'
ERROR - 2022-05-05 17:30:50 --> Duplicate entry '1' for key 'PRIMARY'
CRITICAL - 2022-05-05 17:30:50 --> Duplicate entry '1' for key 'PRIMARY'
#0 D:\WebSite\WebDocumentos\system\Database\MySQLi\Connection.php(292): mysqli->query('INSERT INTO `lo...', 0)
#1 D:\WebSite\WebDocumentos\system\Database\BaseConnection.php(670): CodeIgniter\Database\MySQLi\Connection->execute('INSERT INTO `lo...')
#2 D:\WebSite\WebDocumentos\system\Database\BaseConnection.php(598): CodeIgniter\Database\BaseConnection->simpleQuery('INSERT INTO `lo...')
#3 D:\WebSite\WebDocumentos\system\Database\BaseBuilder.php(1771): CodeIgniter\Database\BaseConnection->query('INSERT INTO `lo...', Array, false)
#4 D:\WebSite\WebDocumentos\system\Model.php(239): CodeIgniter\Database\BaseBuilder->insert()
#5 D:\WebSite\WebDocumentos\system\BaseModel.php(738): CodeIgniter\Model->doInsert(Array)
#6 D:\WebSite\WebDocumentos\system\Model.php(625): CodeIgniter\BaseModel->insert(Array, true)
#7 D:\WebSite\WebDocumentos\app\Libraries\GroceryCrud.php(1374): CodeIgniter\Model->insert(Array)
#8 D:\WebSite\WebDocumentos\app\Libraries\GroceryCrud.php(1310): App\Libraries\grocery_CRUD_Model_Driver->log('1', 'id', Object(stdClass), 'delete')
#9 D:\WebSite\WebDocumentos\app\Libraries\GroceryCrud.php(4657): App\Libraries\grocery_CRUD_Model_Driver->db_delete(Object(stdClass))
#10 D:\WebSite\WebDocumentos\app\Controllers\Dashboard.php(74): App\Libraries\GroceryCrud->render()
#11 D:\WebSite\WebDocumentos\app\Controllers\Dashboard.php(49): App\Controllers\Dashboard->returnCrud(Object(App\Libraries\GroceryCrud), 'Clientes')
#12 D:\WebSite\WebDocumentos\system\CodeIgniter.php(832): App\Controllers\Dashboard->clients('delete', '1')
#13 D:\WebSite\WebDocumentos\system\CodeIgniter.php(419): CodeIgniter\CodeIgniter->runController(Object(App\Controllers\Dashboard))
#14 D:\WebSite\WebDocumentos\system\CodeIgniter.php(326): CodeIgniter\CodeIgniter->handleRequest(NULL, Object(Config\Cache), false)
#15 D:\WebSite\WebDocumentos\public\index.php(37): CodeIgniter\CodeIgniter->run()
#16 D:\WebSite\WebDocumentos\system\Commands\Server\rewrite.php(43): require_once('D:\\WebSite\\WebD...')
#17 {main}
ERROR - 2022-05-05 17:30:52 --> Duplicate entry '1' for key 'PRIMARY'
CRITICAL - 2022-05-05 17:30:52 --> Duplicate entry '1' for key 'PRIMARY'
#0 D:\WebSite\WebDocumentos\system\Database\MySQLi\Connection.php(292): mysqli->query('INSERT INTO `lo...', 0)
#1 D:\WebSite\WebDocumentos\system\Database\BaseConnection.php(670): CodeIgniter\Database\MySQLi\Connection->execute('INSERT INTO `lo...')
#2 D:\WebSite\WebDocumentos\system\Database\BaseConnection.php(598): CodeIgniter\Database\BaseConnection->simpleQuery('INSERT INTO `lo...')
#3 D:\WebSite\WebDocumentos\system\Database\BaseBuilder.php(1771): CodeIgniter\Database\BaseConnection->query('INSERT INTO `lo...', Array, false)
#4 D:\WebSite\WebDocumentos\system\Model.php(239): CodeIgniter\Database\BaseBuilder->insert()
#5 D:\WebSite\WebDocumentos\system\BaseModel.php(738): CodeIgniter\Model->doInsert(Array)
#6 D:\WebSite\WebDocumentos\system\Model.php(625): CodeIgniter\BaseModel->insert(Array, true)
#7 D:\WebSite\WebDocumentos\app\Libraries\GroceryCrud.php(1374): CodeIgniter\Model->insert(Array)
#8 D:\WebSite\WebDocumentos\app\Libraries\GroceryCrud.php(1310): App\Libraries\grocery_CRUD_Model_Driver->log('1', 'id', NULL, 'delete')
#9 D:\WebSite\WebDocumentos\app\Libraries\GroceryCrud.php(4657): App\Libraries\grocery_CRUD_Model_Driver->db_delete(Object(stdClass))
#10 D:\WebSite\WebDocumentos\app\Controllers\Dashboard.php(74): App\Libraries\GroceryCrud->render()
#11 D:\WebSite\WebDocumentos\app\Controllers\Dashboard.php(49): App\Controllers\Dashboard->returnCrud(Object(App\Libraries\GroceryCrud), 'Clientes')
#12 D:\WebSite\WebDocumentos\system\CodeIgniter.php(832): App\Controllers\Dashboard->clients('delete', '1')
#13 D:\WebSite\WebDocumentos\system\CodeIgniter.php(419): CodeIgniter\CodeIgniter->runController(Object(App\Controllers\Dashboard))
#14 D:\WebSite\WebDocumentos\system\CodeIgniter.php(326): CodeIgniter\CodeIgniter->handleRequest(NULL, Object(Config\Cache), false)
#15 D:\WebSite\WebDocumentos\public\index.php(37): CodeIgniter\CodeIgniter->run()
#16 D:\WebSite\WebDocumentos\system\Commands\Server\rewrite.php(43): require_once('D:\\WebSite\\WebD...')
#17 {main}
ERROR - 2022-05-05 17:30:57 --> Duplicate entry '1' for key 'PRIMARY'
CRITICAL - 2022-05-05 17:30:57 --> Duplicate entry '1' for key 'PRIMARY'
#0 D:\WebSite\WebDocumentos\system\Database\MySQLi\Connection.php(292): mysqli->query('INSERT INTO `lo...', 0)
#1 D:\WebSite\WebDocumentos\system\Database\BaseConnection.php(670): CodeIgniter\Database\MySQLi\Connection->execute('INSERT INTO `lo...')
#2 D:\WebSite\WebDocumentos\system\Database\BaseConnection.php(598): CodeIgniter\Database\BaseConnection->simpleQuery('INSERT INTO `lo...')
#3 D:\WebSite\WebDocumentos\system\Database\BaseBuilder.php(1771): CodeIgniter\Database\BaseConnection->query('INSERT INTO `lo...', Array, false)
#4 D:\WebSite\WebDocumentos\system\Model.php(239): CodeIgniter\Database\BaseBuilder->insert()
#5 D:\WebSite\WebDocumentos\system\BaseModel.php(738): CodeIgniter\Model->doInsert(Array)
#6 D:\WebSite\WebDocumentos\system\Model.php(625): CodeIgniter\BaseModel->insert(Array, true)
#7 D:\WebSite\WebDocumentos\app\Libraries\GroceryCrud.php(1374): CodeIgniter\Model->insert(Array)
#8 D:\WebSite\WebDocumentos\app\Libraries\GroceryCrud.php(1310): App\Libraries\grocery_CRUD_Model_Driver->log('1', 'id', NULL, 'delete')
#9 D:\WebSite\WebDocumentos\app\Libraries\GroceryCrud.php(4657): App\Libraries\grocery_CRUD_Model_Driver->db_delete(Object(stdClass))
#10 D:\WebSite\WebDocumentos\app\Controllers\Dashboard.php(74): App\Libraries\GroceryCrud->render()
#11 D:\WebSite\WebDocumentos\app\Controllers\Dashboard.php(49): App\Controllers\Dashboard->returnCrud(Object(App\Libraries\GroceryCrud), 'Clientes')
#12 D:\WebSite\WebDocumentos\system\CodeIgniter.php(832): App\Controllers\Dashboard->clients('delete', '1')
#13 D:\WebSite\WebDocumentos\system\CodeIgniter.php(419): CodeIgniter\CodeIgniter->runController(Object(App\Controllers\Dashboard))
#14 D:\WebSite\WebDocumentos\system\CodeIgniter.php(326): CodeIgniter\CodeIgniter->handleRequest(NULL, Object(Config\Cache), false)
#15 D:\WebSite\WebDocumentos\public\index.php(37): CodeIgniter\CodeIgniter->run()
#16 D:\WebSite\WebDocumentos\system\Commands\Server\rewrite.php(43): require_once('D:\\WebSite\\WebD...')
#17 {main}
ERROR - 2022-05-05 17:31:06 --> Duplicate entry '1' for key 'PRIMARY'
CRITICAL - 2022-05-05 17:31:06 --> Duplicate entry '1' for key 'PRIMARY'
#0 D:\WebSite\WebDocumentos\system\Database\MySQLi\Connection.php(292): mysqli->query('INSERT INTO `lo...', 0)
#1 D:\WebSite\WebDocumentos\system\Database\BaseConnection.php(670): CodeIgniter\Database\MySQLi\Connection->execute('INSERT INTO `lo...')
#2 D:\WebSite\WebDocumentos\system\Database\BaseConnection.php(598): CodeIgniter\Database\BaseConnection->simpleQuery('INSERT INTO `lo...')
#3 D:\WebSite\WebDocumentos\system\Database\BaseBuilder.php(1771): CodeIgniter\Database\BaseConnection->query('INSERT INTO `lo...', Array, false)
#4 D:\WebSite\WebDocumentos\system\Model.php(239): CodeIgniter\Database\BaseBuilder->insert()
#5 D:\WebSite\WebDocumentos\system\BaseModel.php(738): CodeIgniter\Model->doInsert(Array)
#6 D:\WebSite\WebDocumentos\system\Model.php(625): CodeIgniter\BaseModel->insert(Array, true)
#7 D:\WebSite\WebDocumentos\app\Libraries\GroceryCrud.php(1374): CodeIgniter\Model->insert(Array)
#8 D:\WebSite\WebDocumentos\app\Libraries\GroceryCrud.php(1310): App\Libraries\grocery_CRUD_Model_Driver->log('1', 'id', NULL, 'delete')
#9 D:\WebSite\WebDocumentos\app\Libraries\GroceryCrud.php(4657): App\Libraries\grocery_CRUD_Model_Driver->db_delete(Object(stdClass))
#10 D:\WebSite\WebDocumentos\app\Controllers\Dashboard.php(74): App\Libraries\GroceryCrud->render()
#11 D:\WebSite\WebDocumentos\app\Controllers\Dashboard.php(49): App\Controllers\Dashboard->returnCrud(Object(App\Libraries\GroceryCrud), 'Clientes')
#12 D:\WebSite\WebDocumentos\system\CodeIgniter.php(832): App\Controllers\Dashboard->clients('delete', '1')
#13 D:\WebSite\WebDocumentos\system\CodeIgniter.php(419): CodeIgniter\CodeIgniter->runController(Object(App\Controllers\Dashboard))
#14 D:\WebSite\WebDocumentos\system\CodeIgniter.php(326): CodeIgniter\CodeIgniter->handleRequest(NULL, Object(Config\Cache), false)
#15 D:\WebSite\WebDocumentos\public\index.php(37): CodeIgniter\CodeIgniter->run()
#16 D:\WebSite\WebDocumentos\system\Commands\Server\rewrite.php(43): require_once('D:\\WebSite\\WebD...')
#17 {main}
ERROR - 2022-05-05 17:31:52 --> Duplicate entry '1' for key 'PRIMARY'
CRITICAL - 2022-05-05 17:31:52 --> Duplicate entry '1' for key 'PRIMARY'
#0 D:\WebSite\WebDocumentos\system\Database\MySQLi\Connection.php(292): mysqli->query('INSERT INTO `lo...', 0)
#1 D:\WebSite\WebDocumentos\system\Database\BaseConnection.php(670): CodeIgniter\Database\MySQLi\Connection->execute('INSERT INTO `lo...')
#2 D:\WebSite\WebDocumentos\system\Database\BaseConnection.php(598): CodeIgniter\Database\BaseConnection->simpleQuery('INSERT INTO `lo...')
#3 D:\WebSite\WebDocumentos\system\Database\BaseBuilder.php(1771): CodeIgniter\Database\BaseConnection->query('INSERT INTO `lo...', Array, false)
#4 D:\WebSite\WebDocumentos\system\Model.php(239): CodeIgniter\Database\BaseBuilder->insert()
#5 D:\WebSite\WebDocumentos\system\BaseModel.php(738): CodeIgniter\Model->doInsert(Array)
#6 D:\WebSite\WebDocumentos\system\Model.php(625): CodeIgniter\BaseModel->insert(Array, true)
#7 D:\WebSite\WebDocumentos\app\Libraries\GroceryCrud.php(1374): CodeIgniter\Model->insert(Array)
#8 D:\WebSite\WebDocumentos\app\Libraries\GroceryCrud.php(1310): App\Libraries\grocery_CRUD_Model_Driver->log('1', 'id', NULL, 'delete')
#9 D:\WebSite\WebDocumentos\app\Libraries\GroceryCrud.php(4657): App\Libraries\grocery_CRUD_Model_Driver->db_delete(Object(stdClass))
#10 D:\WebSite\WebDocumentos\app\Controllers\Dashboard.php(74): App\Libraries\GroceryCrud->render()
#11 D:\WebSite\WebDocumentos\app\Controllers\Dashboard.php(49): App\Controllers\Dashboard->returnCrud(Object(App\Libraries\GroceryCrud), 'Clientes')
#12 D:\WebSite\WebDocumentos\system\CodeIgniter.php(832): App\Controllers\Dashboard->clients('delete', '1')
#13 D:\WebSite\WebDocumentos\system\CodeIgniter.php(419): CodeIgniter\CodeIgniter->runController(Object(App\Controllers\Dashboard))
#14 D:\WebSite\WebDocumentos\system\CodeIgniter.php(326): CodeIgniter\CodeIgniter->handleRequest(NULL, Object(Config\Cache), false)
#15 D:\WebSite\WebDocumentos\public\index.php(37): CodeIgniter\CodeIgniter->run()
#16 D:\WebSite\WebDocumentos\system\Commands\Server\rewrite.php(43): require_once('D:\\WebSite\\WebD...')
#17 {main}
ERROR - 2022-05-05 17:31:58 --> Duplicate entry '1' for key 'PRIMARY'
CRITICAL - 2022-05-05 17:31:58 --> Duplicate entry '1' for key 'PRIMARY'
#0 D:\WebSite\WebDocumentos\system\Database\MySQLi\Connection.php(292): mysqli->query('INSERT INTO `lo...', 0)
#1 D:\WebSite\WebDocumentos\system\Database\BaseConnection.php(670): CodeIgniter\Database\MySQLi\Connection->execute('INSERT INTO `lo...')
#2 D:\WebSite\WebDocumentos\system\Database\BaseConnection.php(598): CodeIgniter\Database\BaseConnection->simpleQuery('INSERT INTO `lo...')
#3 D:\WebSite\WebDocumentos\system\Database\BaseBuilder.php(1771): CodeIgniter\Database\BaseConnection->query('INSERT INTO `lo...', Array, false)
#4 D:\WebSite\WebDocumentos\system\Model.php(239): CodeIgniter\Database\BaseBuilder->insert()
#5 D:\WebSite\WebDocumentos\system\BaseModel.php(738): CodeIgniter\Model->doInsert(Array)
#6 D:\WebSite\WebDocumentos\system\Model.php(625): CodeIgniter\BaseModel->insert(Array, true)
#7 D:\WebSite\WebDocumentos\app\Libraries\GroceryCrud.php(1374): CodeIgniter\Model->insert(Array)
#8 D:\WebSite\WebDocumentos\app\Libraries\GroceryCrud.php(1310): App\Libraries\grocery_CRUD_Model_Driver->log('1', 'id', NULL, 'delete')
#9 D:\WebSite\WebDocumentos\app\Libraries\GroceryCrud.php(4657): App\Libraries\grocery_CRUD_Model_Driver->db_delete(Object(stdClass))
#10 D:\WebSite\WebDocumentos\app\Controllers\Dashboard.php(74): App\Libraries\GroceryCrud->render()
#11 D:\WebSite\WebDocumentos\app\Controllers\Dashboard.php(49): App\Controllers\Dashboard->returnCrud(Object(App\Libraries\GroceryCrud), 'Clientes')
#12 D:\WebSite\WebDocumentos\system\CodeIgniter.php(832): App\Controllers\Dashboard->clients('delete', '1')
#13 D:\WebSite\WebDocumentos\system\CodeIgniter.php(419): CodeIgniter\CodeIgniter->runController(Object(App\Controllers\Dashboard))
#14 D:\WebSite\WebDocumentos\system\CodeIgniter.php(326): CodeIgniter\CodeIgniter->handleRequest(NULL, Object(Config\Cache), false)
#15 D:\WebSite\WebDocumentos\public\index.php(37): CodeIgniter\CodeIgniter->run()
#16 D:\WebSite\WebDocumentos\system\Commands\Server\rewrite.php(43): require_once('D:\\WebSite\\WebD...')
#17 {main}
ERROR - 2022-05-05 17:33:13 --> Duplicate entry '4' for key 'PRIMARY'
CRITICAL - 2022-05-05 17:33:13 --> Duplicate entry '4' for key 'PRIMARY'
#0 D:\WebSite\WebDocumentos\system\Database\MySQLi\Connection.php(292): mysqli->query('INSERT INTO `lo...', 0)
#1 D:\WebSite\WebDocumentos\system\Database\BaseConnection.php(670): CodeIgniter\Database\MySQLi\Connection->execute('INSERT INTO `lo...')
#2 D:\WebSite\WebDocumentos\system\Database\BaseConnection.php(598): CodeIgniter\Database\BaseConnection->simpleQuery('INSERT INTO `lo...')
#3 D:\WebSite\WebDocumentos\system\Database\BaseBuilder.php(1771): CodeIgniter\Database\BaseConnection->query('INSERT INTO `lo...', Array, false)
#4 D:\WebSite\WebDocumentos\system\Model.php(239): CodeIgniter\Database\BaseBuilder->insert()
#5 D:\WebSite\WebDocumentos\system\BaseModel.php(738): CodeIgniter\Model->doInsert(Array)
#6 D:\WebSite\WebDocumentos\system\Model.php(625): CodeIgniter\BaseModel->insert(Array, true)
#7 D:\WebSite\WebDocumentos\app\Libraries\GroceryCrud.php(1374): CodeIgniter\Model->insert(Array)
#8 D:\WebSite\WebDocumentos\app\Libraries\GroceryCrud.php(1129): App\Libraries\grocery_CRUD_Model_Driver->log('4', 'id', Object(stdClass), 'updated')
#9 D:\WebSite\WebDocumentos\app\Libraries\GroceryCrud.php(4683): App\Libraries\grocery_CRUD_Model_Driver->db_update(Object(stdClass))
#10 D:\WebSite\WebDocumentos\app\Controllers\Dashboard.php(74): App\Libraries\GroceryCrud->render()
#11 D:\WebSite\WebDocumentos\app\Controllers\Dashboard.php(30): App\Controllers\Dashboard->returnCrud(Object(App\Libraries\GroceryCrud), 'Usuarios')
#12 D:\WebSite\WebDocumentos\system\CodeIgniter.php(832): App\Controllers\Dashboard->users('update', '4')
#13 D:\WebSite\WebDocumentos\system\CodeIgniter.php(419): CodeIgniter\CodeIgniter->runController(Object(App\Controllers\Dashboard))
#14 D:\WebSite\WebDocumentos\system\CodeIgniter.php(326): CodeIgniter\CodeIgniter->handleRequest(NULL, Object(Config\Cache), false)
#15 D:\WebSite\WebDocumentos\public\index.php(37): CodeIgniter\CodeIgniter->run()
#16 D:\WebSite\WebDocumentos\system\Commands\Server\rewrite.php(43): require_once('D:\\WebSite\\WebD...')
#17 {main}
ERROR - 2022-05-05 17:33:15 --> Duplicate entry '4' for key 'PRIMARY'
CRITICAL - 2022-05-05 17:33:15 --> Duplicate entry '4' for key 'PRIMARY'
#0 D:\WebSite\WebDocumentos\system\Database\MySQLi\Connection.php(292): mysqli->query('INSERT INTO `lo...', 0)
#1 D:\WebSite\WebDocumentos\system\Database\BaseConnection.php(670): CodeIgniter\Database\MySQLi\Connection->execute('INSERT INTO `lo...')
#2 D:\WebSite\WebDocumentos\system\Database\BaseConnection.php(598): CodeIgniter\Database\BaseConnection->simpleQuery('INSERT INTO `lo...')
#3 D:\WebSite\WebDocumentos\system\Database\BaseBuilder.php(1771): CodeIgniter\Database\BaseConnection->query('INSERT INTO `lo...', Array, false)
#4 D:\WebSite\WebDocumentos\system\Model.php(239): CodeIgniter\Database\BaseBuilder->insert()
#5 D:\WebSite\WebDocumentos\system\BaseModel.php(738): CodeIgniter\Model->doInsert(Array)
#6 D:\WebSite\WebDocumentos\system\Model.php(625): CodeIgniter\BaseModel->insert(Array, true)
#7 D:\WebSite\WebDocumentos\app\Libraries\GroceryCrud.php(1374): CodeIgniter\Model->insert(Array)
#8 D:\WebSite\WebDocumentos\app\Libraries\GroceryCrud.php(1129): App\Libraries\grocery_CRUD_Model_Driver->log('4', 'id', Object(stdClass), 'updated')
#9 D:\WebSite\WebDocumentos\app\Libraries\GroceryCrud.php(4683): App\Libraries\grocery_CRUD_Model_Driver->db_update(Object(stdClass))
#10 D:\WebSite\WebDocumentos\app\Controllers\Dashboard.php(74): App\Libraries\GroceryCrud->render()
#11 D:\WebSite\WebDocumentos\app\Controllers\Dashboard.php(30): App\Controllers\Dashboard->returnCrud(Object(App\Libraries\GroceryCrud), 'Usuarios')
#12 D:\WebSite\WebDocumentos\system\CodeIgniter.php(832): App\Controllers\Dashboard->users('update', '4')
#13 D:\WebSite\WebDocumentos\system\CodeIgniter.php(419): CodeIgniter\CodeIgniter->runController(Object(App\Controllers\Dashboard))
#14 D:\WebSite\WebDocumentos\system\CodeIgniter.php(326): CodeIgniter\CodeIgniter->handleRequest(NULL, Object(Config\Cache), false)
#15 D:\WebSite\WebDocumentos\public\index.php(37): CodeIgniter\CodeIgniter->run()
#16 D:\WebSite\WebDocumentos\system\Commands\Server\rewrite.php(43): require_once('D:\\WebSite\\WebD...')
#17 {main}
ERROR - 2022-05-05 17:33:19 --> Duplicate entry '4' for key 'PRIMARY'
CRITICAL - 2022-05-05 17:33:19 --> Duplicate entry '4' for key 'PRIMARY'
#0 D:\WebSite\WebDocumentos\system\Database\MySQLi\Connection.php(292): mysqli->query('INSERT INTO `lo...', 0)
#1 D:\WebSite\WebDocumentos\system\Database\BaseConnection.php(670): CodeIgniter\Database\MySQLi\Connection->execute('INSERT INTO `lo...')
#2 D:\WebSite\WebDocumentos\system\Database\BaseConnection.php(598): CodeIgniter\Database\BaseConnection->simpleQuery('INSERT INTO `lo...')
#3 D:\WebSite\WebDocumentos\system\Database\BaseBuilder.php(1771): CodeIgniter\Database\BaseConnection->query('INSERT INTO `lo...', Array, false)
#4 D:\WebSite\WebDocumentos\system\Model.php(239): CodeIgniter\Database\BaseBuilder->insert()
#5 D:\WebSite\WebDocumentos\system\BaseModel.php(738): CodeIgniter\Model->doInsert(Array)
#6 D:\WebSite\WebDocumentos\system\Model.php(625): CodeIgniter\BaseModel->insert(Array, true)
#7 D:\WebSite\WebDocumentos\app\Libraries\GroceryCrud.php(1374): CodeIgniter\Model->insert(Array)
#8 D:\WebSite\WebDocumentos\app\Libraries\GroceryCrud.php(1129): App\Libraries\grocery_CRUD_Model_Driver->log('4', 'id', Object(stdClass), 'updated')
#9 D:\WebSite\WebDocumentos\app\Libraries\GroceryCrud.php(4683): App\Libraries\grocery_CRUD_Model_Driver->db_update(Object(stdClass))
#10 D:\WebSite\WebDocumentos\app\Controllers\Dashboard.php(74): App\Libraries\GroceryCrud->render()
#11 D:\WebSite\WebDocumentos\app\Controllers\Dashboard.php(30): App\Controllers\Dashboard->returnCrud(Object(App\Libraries\GroceryCrud), 'Usuarios')
#12 D:\WebSite\WebDocumentos\system\CodeIgniter.php(832): App\Controllers\Dashboard->users('update', '4')
#13 D:\WebSite\WebDocumentos\system\CodeIgniter.php(419): CodeIgniter\CodeIgniter->runController(Object(App\Controllers\Dashboard))
#14 D:\WebSite\WebDocumentos\system\CodeIgniter.php(326): CodeIgniter\CodeIgniter->handleRequest(NULL, Object(Config\Cache), false)
#15 D:\WebSite\WebDocumentos\public\index.php(37): CodeIgniter\CodeIgniter->run()
#16 D:\WebSite\WebDocumentos\system\Commands\Server\rewrite.php(43): require_once('D:\\WebSite\\WebD...')
#17 {main}
ERROR - 2022-05-05 17:33:27 --> Duplicate entry '4' for key 'PRIMARY'
CRITICAL - 2022-05-05 17:33:27 --> Duplicate entry '4' for key 'PRIMARY'
#0 D:\WebSite\WebDocumentos\system\Database\MySQLi\Connection.php(292): mysqli->query('INSERT INTO `lo...', 0)
#1 D:\WebSite\WebDocumentos\system\Database\BaseConnection.php(670): CodeIgniter\Database\MySQLi\Connection->execute('INSERT INTO `lo...')
#2 D:\WebSite\WebDocumentos\system\Database\BaseConnection.php(598): CodeIgniter\Database\BaseConnection->simpleQuery('INSERT INTO `lo...')
#3 D:\WebSite\WebDocumentos\system\Database\BaseBuilder.php(1771): CodeIgniter\Database\BaseConnection->query('INSERT INTO `lo...', Array, false)
#4 D:\WebSite\WebDocumentos\system\Model.php(239): CodeIgniter\Database\BaseBuilder->insert()
#5 D:\WebSite\WebDocumentos\system\BaseModel.php(738): CodeIgniter\Model->doInsert(Array)
#6 D:\WebSite\WebDocumentos\system\Model.php(625): CodeIgniter\BaseModel->insert(Array, true)
#7 D:\WebSite\WebDocumentos\app\Libraries\GroceryCrud.php(1374): CodeIgniter\Model->insert(Array)
#8 D:\WebSite\WebDocumentos\app\Libraries\GroceryCrud.php(1129): App\Libraries\grocery_CRUD_Model_Driver->log('4', 'id', Object(stdClass), 'updated')
#9 D:\WebSite\WebDocumentos\app\Libraries\GroceryCrud.php(4683): App\Libraries\grocery_CRUD_Model_Driver->db_update(Object(stdClass))
#10 D:\WebSite\WebDocumentos\app\Controllers\Dashboard.php(74): App\Libraries\GroceryCrud->render()
#11 D:\WebSite\WebDocumentos\app\Controllers\Dashboard.php(30): App\Controllers\Dashboard->returnCrud(Object(App\Libraries\GroceryCrud), 'Usuarios')
#12 D:\WebSite\WebDocumentos\system\CodeIgniter.php(832): App\Controllers\Dashboard->users('update', '4')
#13 D:\WebSite\WebDocumentos\system\CodeIgniter.php(419): CodeIgniter\CodeIgniter->runController(Object(App\Controllers\Dashboard))
#14 D:\WebSite\WebDocumentos\system\CodeIgniter.php(326): CodeIgniter\CodeIgniter->handleRequest(NULL, Object(Config\Cache), false)
#15 D:\WebSite\WebDocumentos\public\index.php(37): CodeIgniter\CodeIgniter->run()
#16 D:\WebSite\WebDocumentos\system\Commands\Server\rewrite.php(43): require_once('D:\\WebSite\\WebD...')
#17 {main}
CRITICAL - 2022-05-05 17:51:13 --> Undefined variable $currentUrl
#0 D:\WebSite\WebDocumentos\app\Views\theme.php(75): CodeIgniter\Debug\Exceptions->errorHandler(2, 'Undefined varia...', 'D:\\WebSite\\WebD...', 75)
#1 D:\WebSite\WebDocumentos\system\View\View.php(210): include('D:\\WebSite\\WebD...')
#2 D:\WebSite\WebDocumentos\system\View\View.php(213): CodeIgniter\View\View->CodeIgniter\View\{closure}()
#3 D:\WebSite\WebDocumentos\system\Common.php(1089): CodeIgniter\View\View->render('theme', Array, true)
#4 D:\WebSite\WebDocumentos\app\Controllers\Client.php(13): view('theme', Array)
#5 D:\WebSite\WebDocumentos\system\CodeIgniter.php(832): App\Controllers\Client->index()
#6 D:\WebSite\WebDocumentos\system\CodeIgniter.php(419): CodeIgniter\CodeIgniter->runController(Object(App\Controllers\Client))
#7 D:\WebSite\WebDocumentos\system\CodeIgniter.php(326): CodeIgniter\CodeIgniter->handleRequest(NULL, Object(Config\Cache), false)
#8 D:\WebSite\WebDocumentos\public\index.php(37): CodeIgniter\CodeIgniter->run()
#9 D:\WebSite\WebDocumentos\system\Commands\Server\rewrite.php(43): require_once('D:\\WebSite\\WebD...')
#10 {main}
